<?xml version="1.0" encoding="UTF-8"?>
<!-- Generated by org.testng.reporters.JUnitReportReporter -->
<testsuite hostname="DESKTOP-GN463A7" failures="0" tests="2" name="Framework.Testing.Classn2" time="0.006" errors="0" timestamp="2023-12-13T12:01:11 PKT" skipped="0">
  <testcase classname="Framework.Testing.Classn2" name="test7" time="0.003"/>
  <system-out/>
  <testcase classname="Framework.Testing.Classn2" name="test6" time="0.003"/>
  <system-out/>
</testsuite> <!-- Framework.Testing.Classn2 -->
