<?xml version="1.0" encoding="UTF-8"?>
<!-- Generated by org.testng.reporters.JUnitReportReporter -->
<testsuite hostname="DESKTOP-GN463A7" failures="0" tests="1" name="Framework.Testing.Testng" time="6.461" errors="0" timestamp="2023-12-14T20:29:02 PKT" skipped="0">
  <testcase classname="Framework.Testing.Testng" name="checkout" time="6.461"/>
  <system-out/>
</testsuite> <!-- Framework.Testing.Testng -->
