<?xml version="1.0" encoding="UTF-8"?>
<!-- Generated by org.testng.reporters.JUnitReportReporter -->
<testsuite hostname="DESKTOP-GN463A7" failures="0" tests="2" name="Framework.Testing.Classn1" time="0.021" errors="0" timestamp="2023-12-14T22:04:52 PKT" skipped="0">
  <testcase classname="Framework.Testing.Classn1" name="test2" time="0.018"/>
  <system-out/>
  <testcase classname="Framework.Testing.Classn1" name="test3" time="0.003"/>
  <system-out/>
</testsuite> <!-- Framework.Testing.Classn1 -->
