<?xml version="1.0" encoding="UTF-8"?>
<!-- Generated by org.testng.reporters.JUnitReportReporter -->
<testsuite hostname="DESKTOP-GN463A7" failures="0" tests="2" name="Framework.Testing.Classn4" time="0.005" errors="0" timestamp="2023-12-13T11:24:31 PKT" skipped="0">
  <testcase classname="Framework.Testing.Classn4" name="test12" time="0.003"/>
  <system-out/>
  <testcase classname="Framework.Testing.Classn4" name="test11" time="0.002"/>
  <system-out/>
</testsuite> <!-- Framework.Testing.Classn4 -->
