<?xml version="1.0" encoding="UTF-8"?>
<!-- Generated by org.testng.reporters.JUnitReportReporter -->
<testsuite hostname="DESKTOP-GN463A7" failures="0" tests="2" name="Framework.Testing.Classn3" time="0.005" errors="0" timestamp="2023-12-13T12:01:11 PKT" skipped="0">
  <testcase classname="Framework.Testing.Classn3" name="test9" time="0.001"/>
  <system-out/>
  <testcase classname="Framework.Testing.Classn3" name="test10" time="0.004"/>
  <system-out/>
</testsuite> <!-- Framework.Testing.Classn3 -->
